\BOOKMARK [0][-]{chapter.1}{Getting Started}{}% 1
\BOOKMARK [1][-]{section.1.1}{Installing Everything}{chapter.1}% 2
\BOOKMARK [1][-]{section.1.2}{The Addon}{chapter.1}% 3
\BOOKMARK [1][-]{section.1.3}{Quick Renders}{chapter.1}% 4
\BOOKMARK [1][-]{section.1.4}{Moving On}{chapter.1}% 5
\BOOKMARK [0][-]{chapter.2}{Apples and Oranges}{}% 6
\BOOKMARK [1][-]{section.2.1}{The Juicy Details}{chapter.2}% 7
\BOOKMARK [1][-]{section.2.2}{Material Nodes}{chapter.2}% 8
\BOOKMARK [1][-]{section.2.3}{Down and Dirty with OSL}{chapter.2}% 9
\BOOKMARK [1][-]{section.2.4}{Microdisplacement Mayhem}{chapter.2}% 10
\BOOKMARK [1][-]{section.2.5}{At first it's fruit. Then\203the World!}{chapter.2}% 11
\BOOKMARK [0][-]{chapter.3}{Render Me Excited}{}% 12
\BOOKMARK [1][-]{section.3.1}{Integrators}{chapter.3}% 13
\BOOKMARK [1][-]{section.3.2}{Denoising}{chapter.3}% 14
\BOOKMARK [1][-]{section.3.3}{Optimizations}{chapter.3}% 15
\BOOKMARK [0][-]{chapter.4}{Let Your Images Speak Volumes}{}% 16
\BOOKMARK [1][-]{section.4.1}{Getting Some Atmosphere}{chapter.4}% 17
\BOOKMARK [1][-]{section.4.2}{When Smoke Gets in Your Eyes}{chapter.4}% 18
\BOOKMARK [1][-]{section.4.3}{Caveat Render}{chapter.4}% 19
\BOOKMARK [0][-]{chapter.5}{Thinking Outside the Window}{}% 20
\BOOKMARK [1][-]{section.5.1}{Using LocalQueue to render outside of Blender}{chapter.5}% 21
\BOOKMARK [1][-]{section.5.2}{Using 'it'}{chapter.5}% 22
\BOOKMARK [1][-]{section.5.3}{Animations}{chapter.5}% 23
\BOOKMARK [1][-]{section.5.4}{AOVs and LPEs PDQ!}{chapter.5}% 24
\BOOKMARK [0][-]{chapter.6}{\(Chapter 6\)}{}% 25
